[INFO  - 2018-07-10T14:37:08.413Z] GhostDriver - Main - running on port 61855
[INFO  - 2018-07-10T14:37:13.012Z] Session [bbe9b010-844e-11e8-869a-c77a15293dbc] - page.settings - {"XSSAuditingEnabled":false,"javascriptCanCloseWindows":true,"javascriptCanOpenWindows":true,"javascriptEnabled":true,"loadImages":true,"localToRemoteUrlAccessEnabled":false,"userAgent":"Mozilla/5.0 (Windows NT 6.2; WOW64) AppleWebKit/538.1 (KHTML, like Gecko) PhantomJS/2.1.1 Safari/538.1","webSecurityEnabled":true}
[INFO  - 2018-07-10T14:37:13.013Z] Session [bbe9b010-844e-11e8-869a-c77a15293dbc] - page.customHeaders:  - {}
[INFO  - 2018-07-10T14:37:13.013Z] Session [bbe9b010-844e-11e8-869a-c77a15293dbc] - Session.negotiatedCapabilities - {"browserName":"phantomjs","version":"2.1.1","driverName":"ghostdriver","driverVersion":"1.2.0","platform":"windows-10-32bit","javascriptEnabled":true,"takesScreenshot":true,"handlesAlerts":false,"databaseEnabled":false,"locationContextEnabled":false,"applicationCacheEnabled":false,"browserConnectionEnabled":false,"cssSelectorsEnabled":true,"webStorageEnabled":false,"rotatable":false,"acceptSslCerts":false,"nativeEvents":true,"proxy":{"proxyType":"direct"}}
[INFO  - 2018-07-10T14:37:13.013Z] SessionManagerReqHand - _postNewSessionCommand - New Session Created: bbe9b010-844e-11e8-869a-c77a15293dbc
[ERROR - 2018-07-10T14:37:14.008Z] Session [bbe9b010-844e-11e8-869a-c77a15293dbc] - page.onError - msg: InvalidStateError: DOM Exception 11: An attempt was made to use an object that is not, or is no longer, usable.

  phantomjs://platform/console++.js:263 in error
[ERROR - 2018-07-10T14:37:14.008Z] Session [bbe9b010-844e-11e8-869a-c77a15293dbc] - page.onError - stack:
  onreadystatechange (https://cdn.districtm.ca/merge/merge.v4.2.102566.js:2)
  open (:0)
  ajax (https://cdn.districtm.ca/merge/merge.v4.2.102566.js:2)
  value (https://cdn.districtm.ca/merge/merge.v4.2.102566.js:2)
  (anonymous function) (https://cdn.districtm.ca/merge/merge.v4.2.102566.js:2)
  forEach (:0)
  value (https://cdn.districtm.ca/merge/merge.v4.2.102566.js:2)
  (anonymous function) (https://cdn.districtm.ca/merge/merge.v4.2.102566.js:2)
  forEach (https://cdn.districtm.ca/merge/merge.v4.2.102566.js:2)
  fetchBids (https://cdn.districtm.ca/merge/merge.v4.2.102566.js:2)
  defineSlot (https://cdn.districtm.ca/merge/merge.v4.2.102566.js:2)
  defineSlot (https://cdn.districtm.ca/merge/merge.v4.2.102566.js:2)
  (anonymous function) (https://s1.wp.com/_static/??-eJyNkOFuAjEIx19o2OhijB+Mz4It3lGvtJbenfPph4l+WHZxSwgQ+PGH4OYCLH4YA6mLZteR6tczrKJ+uHcAJO4qNlollhfsszSS9mBTPvFAMCpV7KxmQue8wJWsLZGqQQvdnyexTEzzn1ikVtBfoJLy/Zdq68n2uYmL0x5noAYeBQO6MowdizqPvifAiDdLzf9fwU7BhPcscOIQWDroaShUl370VoWah3AugEFt7pgO6+1mv9+uN7vP+A0rBaKR:1525)
  push (https://securepubads.g.doubleclick.net/gpt/pubads_impl_225.js:1)
  (anonymous function) (https://securepubads.g.doubleclick.net/gpt/pubads_impl_225.js:1)
  en (https://securepubads.g.doubleclick.net/gpt/pubads_impl_225.js:1)
  (anonymous function) (https://securepubads.g.doubleclick.net/gpt/pubads_impl_225.js:1)
  Tr (https://securepubads.g.doubleclick.net/gpt/pubads_impl_225.js:1)
  (anonymous function) (https://securepubads.g.doubleclick.net/gpt/pubads_impl_225.js:1)

  phantomjs://platform/console++.js:263 in error
[ERROR - 2018-07-10T14:37:14.018Z] Session [bbe9b010-844e-11e8-869a-c77a15293dbc] - page.onError - msg: InvalidStateError: DOM Exception 11: An attempt was made to use an object that is not, or is no longer, usable.

  phantomjs://platform/console++.js:263 in error
[ERROR - 2018-07-10T14:37:14.018Z] Session [bbe9b010-844e-11e8-869a-c77a15293dbc] - page.onError - stack:
  onreadystatechange (https://cdn.districtm.ca/merge/merge.v4.2.102566.js:2)
  open (:0)
  ajax (https://cdn.districtm.ca/merge/merge.v4.2.102566.js:2)
  value (https://cdn.districtm.ca/merge/merge.v4.2.102566.js:2)
  (anonymous function) (https://cdn.districtm.ca/merge/merge.v4.2.102566.js:2)
  forEach (:0)
  value (https://cdn.districtm.ca/merge/merge.v4.2.102566.js:2)
  (anonymous function) (https://cdn.districtm.ca/merge/merge.v4.2.102566.js:2)
  forEach (https://cdn.districtm.ca/merge/merge.v4.2.102566.js:2)
  fetchBids (https://cdn.districtm.ca/merge/merge.v4.2.102566.js:2)
  defineSlot (https://cdn.districtm.ca/merge/merge.v4.2.102566.js:2)
  defineSlot (https://cdn.districtm.ca/merge/merge.v4.2.102566.js:2)
  (anonymous function) (https://s1.wp.com/_static/??-eJyNkOFuAjEIx19o2OhijB+Mz4It3lGvtJbenfPph4l+WHZxSwgQ+PGH4OYCLH4YA6mLZteR6tczrKJ+uHcAJO4qNlollhfsszSS9mBTPvFAMCpV7KxmQue8wJWsLZGqQQvdnyexTEzzn1ikVtBfoJLy/Zdq68n2uYmL0x5noAYeBQO6MowdizqPvifAiDdLzf9fwU7BhPcscOIQWDroaShUl370VoWah3AugEFt7pgO6+1mv9+uN7vP+A0rBaKR:1525)
  push (https://securepubads.g.doubleclick.net/gpt/pubads_impl_225.js:1)
  (anonymous function) (https://securepubads.g.doubleclick.net/gpt/pubads_impl_225.js:1)
  en (https://securepubads.g.doubleclick.net/gpt/pubads_impl_225.js:1)
  (anonymous function) (https://securepubads.g.doubleclick.net/gpt/pubads_impl_225.js:1)
  Tr (https://securepubads.g.doubleclick.net/gpt/pubads_impl_225.js:1)
  (anonymous function) (https://securepubads.g.doubleclick.net/gpt/pubads_impl_225.js:1)

  phantomjs://platform/console++.js:263 in error
[ERROR - 2018-07-10T14:37:14.019Z] Session [bbe9b010-844e-11e8-869a-c77a15293dbc] - page.onError - msg: InvalidStateError: DOM Exception 11: An attempt was made to use an object that is not, or is no longer, usable.

  phantomjs://platform/console++.js:263 in error
[ERROR - 2018-07-10T14:37:14.019Z] Session [bbe9b010-844e-11e8-869a-c77a15293dbc] - page.onError - stack:
  onreadystatechange (https://cdn.districtm.ca/merge/merge.v4.2.102566.js:2)
  open (:0)
  ajax (https://cdn.districtm.ca/merge/merge.v4.2.102566.js:2)
  value (https://cdn.districtm.ca/merge/merge.v4.2.102566.js:2)
  (anonymous function) (https://cdn.districtm.ca/merge/merge.v4.2.102566.js:2)
  forEach (:0)
  value (https://cdn.districtm.ca/merge/merge.v4.2.102566.js:2)
  (anonymous function) (https://cdn.districtm.ca/merge/merge.v4.2.102566.js:2)
  forEach (https://cdn.districtm.ca/merge/merge.v4.2.102566.js:2)
  fetchBids (https://cdn.districtm.ca/merge/merge.v4.2.102566.js:2)
  defineSlot (https://cdn.districtm.ca/merge/merge.v4.2.102566.js:2)
  defineSlot (https://cdn.districtm.ca/merge/merge.v4.2.102566.js:2)
  (anonymous function) (https://s1.wp.com/_static/??-eJyNkOFuAjEIx19o2OhijB+Mz4It3lGvtJbenfPph4l+WHZxSwgQ+PGH4OYCLH4YA6mLZteR6tczrKJ+uHcAJO4qNlollhfsszSS9mBTPvFAMCpV7KxmQue8wJWsLZGqQQvdnyexTEzzn1ikVtBfoJLy/Zdq68n2uYmL0x5noAYeBQO6MowdizqPvifAiDdLzf9fwU7BhPcscOIQWDroaShUl370VoWah3AugEFt7pgO6+1mv9+uN7vP+A0rBaKR:1525)
  push (https://securepubads.g.doubleclick.net/gpt/pubads_impl_225.js:1)
  (anonymous function) (https://securepubads.g.doubleclick.net/gpt/pubads_impl_225.js:1)
  en (https://securepubads.g.doubleclick.net/gpt/pubads_impl_225.js:1)
  (anonymous function) (https://securepubads.g.doubleclick.net/gpt/pubads_impl_225.js:1)
  Tr (https://securepubads.g.doubleclick.net/gpt/pubads_impl_225.js:1)
  (anonymous function) (https://securepubads.g.doubleclick.net/gpt/pubads_impl_225.js:1)

  phantomjs://platform/console++.js:263 in error
[ERROR - 2018-07-10T14:37:14.021Z] Session [bbe9b010-844e-11e8-869a-c77a15293dbc] - page.onError - msg: InvalidStateError: DOM Exception 11: An attempt was made to use an object that is not, or is no longer, usable.

  phantomjs://platform/console++.js:263 in error
[ERROR - 2018-07-10T14:37:14.021Z] Session [bbe9b010-844e-11e8-869a-c77a15293dbc] - page.onError - stack:
  onreadystatechange (https://cdn.districtm.ca/merge/merge.v4.2.102566.js:2)
  open (:0)
  ajax (https://cdn.districtm.ca/merge/merge.v4.2.102566.js:2)
  value (https://cdn.districtm.ca/merge/merge.v4.2.102566.js:2)
  (anonymous function) (https://cdn.districtm.ca/merge/merge.v4.2.102566.js:2)
  forEach (:0)
  value (https://cdn.districtm.ca/merge/merge.v4.2.102566.js:2)
  (anonymous function) (https://cdn.districtm.ca/merge/merge.v4.2.102566.js:2)
  forEach (https://cdn.districtm.ca/merge/merge.v4.2.102566.js:2)
  fetchBids (https://cdn.districtm.ca/merge/merge.v4.2.102566.js:2)
  defineSlot (https://cdn.districtm.ca/merge/merge.v4.2.102566.js:2)
  defineSlot (https://cdn.districtm.ca/merge/merge.v4.2.102566.js:2)
  (anonymous function) (https://s1.wp.com/_static/??-eJyNkOFuAjEIx19o2OhijB+Mz4It3lGvtJbenfPph4l+WHZxSwgQ+PGH4OYCLH4YA6mLZteR6tczrKJ+uHcAJO4qNlollhfsszSS9mBTPvFAMCpV7KxmQue8wJWsLZGqQQvdnyexTEzzn1ikVtBfoJLy/Zdq68n2uYmL0x5noAYeBQO6MowdizqPvifAiDdLzf9fwU7BhPcscOIQWDroaShUl370VoWah3AugEFt7pgO6+1mv9+uN7vP+A0rBaKR:1525)
  push (https://securepubads.g.doubleclick.net/gpt/pubads_impl_225.js:1)
  (anonymous function) (https://securepubads.g.doubleclick.net/gpt/pubads_impl_225.js:1)
  en (https://securepubads.g.doubleclick.net/gpt/pubads_impl_225.js:1)
  (anonymous function) (https://securepubads.g.doubleclick.net/gpt/pubads_impl_225.js:1)
  Tr (https://securepubads.g.doubleclick.net/gpt/pubads_impl_225.js:1)
  (anonymous function) (https://securepubads.g.doubleclick.net/gpt/pubads_impl_225.js:1)

  phantomjs://platform/console++.js:263 in error
[ERROR - 2018-07-10T14:37:14.225Z] Session [bbe9b010-844e-11e8-869a-c77a15293dbc] - page.onError - msg: ReferenceError: Can't find variable: Promise

  phantomjs://platform/console++.js:263 in error
[ERROR - 2018-07-10T14:37:14.225Z] Session [bbe9b010-844e-11e8-869a-c77a15293dbc] - page.onError - stack:
  fetch (https://cdn.districtm.io/ids/idsync.6a566d01.js:1)
  e (https://cdn.districtm.io/ids/idsync.6a566d01.js:1)
  (anonymous function) (https://cdn.districtm.io/ids/idsync.6a566d01.js:1)
  i (https://cdn.districtm.io/ids/idsync.6a566d01.js:1)
  (anonymous function) (https://cdn.districtm.io/ids/idsync.6a566d01.js:1)

  phantomjs://platform/console++.js:263 in error
[ERROR - 2018-07-10T14:37:18.239Z] Session [bbe9b010-844e-11e8-869a-c77a15293dbc] - page.onError - msg: TypeError: undefined is not a constructor (evaluating 'Object.assign({},e)')

  phantomjs://platform/console++.js:263 in error
[ERROR - 2018-07-10T14:37:18.239Z] Session [bbe9b010-844e-11e8-869a-c77a15293dbc] - page.onError - stack:
  value (https://cdn.districtm.ca/catfish/v2.0.catfish.min.js:1)
  value (https://cdn.districtm.ca/catfish/v2.0.catfish.min.js:1)
  (anonymous function) (https://cdn.districtm.ca/catfish/v2.0.catfish.min.js:1)

  phantomjs://platform/console++.js:263 in error
